mode: set
github.com/MichaelGenchev/scalefocusAcademy2022/cardgame/cardgame.go:24.33,28.26 2 1
github.com/MichaelGenchev/scalefocusAcademy2022/cardgame/cardgame.go:35.2,37.12 2 1
github.com/MichaelGenchev/scalefocusAcademy2022/cardgame/cardgame.go:28.26,31.18 2 1
github.com/MichaelGenchev/scalefocusAcademy2022/cardgame/cardgame.go:31.18,33.4 1 1
github.com/MichaelGenchev/scalefocusAcademy2022/cardgame/cardgame.go:43.45,45.2 1 1
github.com/MichaelGenchev/scalefocusAcademy2022/cardgame/cardgame.go:48.51,49.88 1 1
github.com/MichaelGenchev/scalefocusAcademy2022/cardgame/cardgame.go:53.2,53.101 1 1
github.com/MichaelGenchev/scalefocusAcademy2022/cardgame/cardgame.go:57.2,57.35 1 1
github.com/MichaelGenchev/scalefocusAcademy2022/cardgame/cardgame.go:60.2,60.36 1 1
github.com/MichaelGenchev/scalefocusAcademy2022/cardgame/cardgame.go:69.2,69.35 1 1
github.com/MichaelGenchev/scalefocusAcademy2022/cardgame/cardgame.go:72.2,72.10 1 0
github.com/MichaelGenchev/scalefocusAcademy2022/cardgame/cardgame.go:49.88,52.3 2 1
github.com/MichaelGenchev/scalefocusAcademy2022/cardgame/cardgame.go:53.101,56.3 2 1
github.com/MichaelGenchev/scalefocusAcademy2022/cardgame/cardgame.go:57.35,59.3 1 1
github.com/MichaelGenchev/scalefocusAcademy2022/cardgame/cardgame.go:60.36,61.42 1 1
github.com/MichaelGenchev/scalefocusAcademy2022/cardgame/cardgame.go:64.3,64.42 1 1
github.com/MichaelGenchev/scalefocusAcademy2022/cardgame/cardgame.go:67.3,67.11 1 1
github.com/MichaelGenchev/scalefocusAcademy2022/cardgame/cardgame.go:61.42,63.4 1 1
github.com/MichaelGenchev/scalefocusAcademy2022/cardgame/cardgame.go:64.42,66.4 1 1
github.com/MichaelGenchev/scalefocusAcademy2022/cardgame/cardgame.go:69.35,71.3 1 1
